TN:
SF:src/ts/core/vdom.ts
FN:74,h
FN:104,diff
FN:156,diffProps
FN:186,diffChildren
FN:318,buildKeyMap
FN:341,getNodeKey
FN:358,patch
FN:383,applyPatch
FN:472,createElement
FN:510,updateElement
FN:572,(anonymous_10)
FN:593,(anonymous_11)
FN:595,(anonymous_12)
FN:613,(anonymous_13)
FN:636,(anonymous_14)
FN:651,measurePerf
FNF:16
FNH:16
FNDA:90,h
FNDA:32,diff
FNDA:16,diffProps
FNDA:16,diffChildren
FNDA:32,buildKeyMap
FNDA:22,getNodeKey
FNDA:13,patch
FNDA:11,applyPatch
FNDA:32,createElement
FNDA:33,updateElement
FNDA:5,(anonymous_10)
FNDA:6,(anonymous_11)
FNDA:2,(anonymous_12)
FNDA:2,(anonymous_13)
FNDA:4,(anonymous_14)
FNDA:6,measurePerf
DA:79,90
DA:80,90
DA:83,90
DA:84,90
DA:86,90
DA:105,32
DA:108,32
DA:109,6
DA:110,4
DA:112,6
DA:116,26
DA:117,4
DA:118,4
DA:122,22
DA:123,6
DA:129,6
DA:133,16
DA:134,16
DA:135,6
DA:143,16
DA:144,16
DA:146,16
DA:160,16
DA:163,16
DA:164,8
DA:165,4
DA:170,16
DA:171,10
DA:172,2
DA:176,16
DA:187,16
DA:188,16
DA:189,16
DA:192,16
DA:193,16
DA:196,16
DA:199,16
DA:200,12
DA:201,12
DA:203,12
DA:206,12
DA:207,12
DA:208,2
DA:209,2
DA:210,2
DA:215,10
DA:216,10
DA:222,9
DA:226,9
DA:227,9
DA:228,9
DA:233,10
DA:234,1
DA:235,1
DA:236,0
DA:237,0
DA:239,0
DA:243,0
DA:244,0
DA:245,0
DA:246,0
DA:254,12
DA:256,1
DA:263,11
DA:264,11
DA:266,11
DA:267,4
DA:268,4
DA:269,0
DA:275,7
DA:277,1
DA:287,16
DA:288,12
DA:289,1
DA:290,1
DA:292,1
DA:293,1
DA:294,1
DA:306,16
DA:319,32
DA:321,32
DA:322,24
DA:323,24
DA:324,4
DA:328,32
DA:342,22
DA:343,2
DA:345,20
DA:359,13
DA:360,2
DA:364,11
DA:365,11
DA:368,11
DA:384,11
DA:386,11
DA:388,2
DA:389,2
DA:390,2
DA:391,2
DA:393,0
DA:394,0
DA:395,0
DA:396,0
DA:398,0
DA:402,2
DA:405,3
DA:406,3
DA:407,2
DA:409,1
DA:410,1
DA:413,3
DA:414,3
DA:415,3
DA:417,3
DA:418,0
DA:419,0
DA:423,3
DA:426,3
DA:427,2
DA:429,1
DA:430,1
DA:431,1
DA:432,1
DA:435,3
DA:438,3
DA:439,3
DA:440,3
DA:441,2
DA:442,2
DA:444,1
DA:445,1
DA:446,1
DA:447,1
DA:451,3
DA:474,32
DA:475,2
DA:476,2
DA:480,30
DA:483,30
DA:486,30
DA:487,17
DA:488,13
DA:490,4
DA:494,30
DA:511,33
DA:513,0
DA:514,0
DA:516,0
DA:519,33
DA:520,33
DA:521,14
DA:523,0
DA:524,0
DA:525,0
DA:527,14
DA:529,1
DA:530,1
DA:531,13
DA:532,7
DA:533,6
DA:534,1
DA:535,5
DA:537,4
DA:540,1
DA:573,5
DA:574,5
DA:594,6
DA:595,5
DA:596,2
DA:598,5
DA:599,5
DA:614,2
DA:615,2
DA:616,1
DA:617,1
DA:637,4
DA:638,4
DA:640,4
DA:652,6
DA:653,6
DA:654,6
DA:656,6
DA:657,2
DA:660,6
DA:667,1
DA:677,1
DA:678,1
LF:187
LH:166
BRDA:79,0,0,90
BRDA:79,0,1,57
BRDA:108,1,0,6
BRDA:108,1,1,26
BRDA:109,2,0,4
BRDA:109,2,1,2
BRDA:116,3,0,4
BRDA:116,3,1,22
BRDA:122,4,0,6
BRDA:122,4,1,16
BRDA:122,5,0,22
BRDA:122,5,1,18
BRDA:134,6,0,6
BRDA:134,6,1,10
BRDA:164,7,0,4
BRDA:164,7,1,4
BRDA:171,8,0,2
BRDA:171,8,1,8
BRDA:201,9,0,0
BRDA:201,9,1,12
BRDA:207,10,0,2
BRDA:207,10,1,10
BRDA:208,11,0,2
BRDA:208,11,1,0
BRDA:216,12,0,9
BRDA:216,12,1,1
BRDA:217,13,0,10
BRDA:217,13,1,9
BRDA:217,13,2,9
BRDA:222,14,0,9
BRDA:222,14,1,7
BRDA:222,14,2,2
BRDA:222,14,3,2
BRDA:222,14,4,2
BRDA:226,15,0,9
BRDA:226,15,1,0
BRDA:233,16,0,1
BRDA:233,16,1,9
BRDA:235,17,0,0
BRDA:235,17,1,1
BRDA:237,18,0,0
BRDA:237,18,1,0
BRDA:237,19,0,0
BRDA:237,19,1,0
BRDA:239,20,0,0
BRDA:239,20,1,0
BRDA:239,20,2,0
BRDA:239,20,3,0
BRDA:239,20,4,0
BRDA:243,21,0,0
BRDA:243,21,1,0
BRDA:254,22,0,1
BRDA:254,22,1,11
BRDA:258,23,0,0
BRDA:258,23,1,1
BRDA:264,24,0,0
BRDA:264,24,1,11
BRDA:266,25,0,4
BRDA:266,25,1,7
BRDA:266,26,0,11
BRDA:266,26,1,4
BRDA:268,27,0,0
BRDA:268,27,1,4
BRDA:275,28,0,1
BRDA:275,28,1,6
BRDA:288,29,0,1
BRDA:288,29,1,11
BRDA:290,30,0,0
BRDA:290,30,1,1
BRDA:293,31,0,1
BRDA:293,31,1,0
BRDA:293,32,0,1
BRDA:293,32,1,0
BRDA:323,33,0,4
BRDA:323,33,1,20
BRDA:323,34,0,24
BRDA:323,34,1,24
BRDA:323,34,2,10
BRDA:342,35,0,2
BRDA:342,35,1,20
BRDA:342,36,0,22
BRDA:342,36,1,8
BRDA:359,37,0,2
BRDA:359,37,1,11
BRDA:386,38,0,2
BRDA:386,38,1,3
BRDA:386,38,2,3
BRDA:386,38,3,3
BRDA:388,39,0,2
BRDA:388,39,1,0
BRDA:390,40,0,2
BRDA:390,40,1,0
BRDA:390,41,0,2
BRDA:390,41,1,0
BRDA:395,42,0,0
BRDA:395,42,1,0
BRDA:406,43,0,2
BRDA:406,43,1,1
BRDA:409,44,0,1
BRDA:409,44,1,0
BRDA:413,45,0,3
BRDA:413,45,1,0
BRDA:414,46,0,3
BRDA:414,46,1,0
BRDA:417,47,0,0
BRDA:417,47,1,3
BRDA:417,48,0,3
BRDA:417,48,1,0
BRDA:426,49,0,2
BRDA:426,49,1,1
BRDA:429,50,0,1
BRDA:429,50,1,0
BRDA:431,51,0,1
BRDA:431,51,1,0
BRDA:438,52,0,3
BRDA:438,52,1,0
BRDA:440,53,0,2
BRDA:440,53,1,1
BRDA:444,54,0,1
BRDA:444,54,1,0
BRDA:446,55,0,1
BRDA:446,55,1,0
BRDA:474,56,0,2
BRDA:474,56,1,30
BRDA:476,57,0,2
BRDA:476,57,1,0
BRDA:487,58,0,13
BRDA:487,58,1,4
BRDA:511,59,0,0
BRDA:511,59,1,33
BRDA:513,60,0,0
BRDA:513,60,1,0
BRDA:521,61,0,0
BRDA:521,61,1,14
BRDA:521,62,0,14
BRDA:521,62,1,14
BRDA:524,63,0,0
BRDA:524,63,1,0
BRDA:527,64,0,1
BRDA:527,64,1,13
BRDA:527,65,0,14
BRDA:527,65,1,1
BRDA:531,66,0,7
BRDA:531,66,1,6
BRDA:533,67,0,1
BRDA:533,67,1,5
BRDA:533,68,0,6
BRDA:533,68,1,1
BRDA:535,69,0,4
BRDA:535,69,1,1
BRDA:594,70,0,5
BRDA:594,70,1,1
BRDA:615,71,0,1
BRDA:615,71,1,1
BRDA:656,72,0,2
BRDA:656,72,1,4
BRDA:656,73,0,6
BRDA:656,73,1,2
BRDA:677,74,0,1
BRDA:677,74,1,0
BRF:160
BRH:116
end_of_record
TN:
SF:src/ts/services/i18n.ts
FN:81,normalizeLanguage
FN:91,parsePreference
FN:99,getBrowserLanguages
FN:115,detectSystemLanguage
FN:134,resolveActiveLanguage
FN:145,setDocumentLanguage
FN:155,formatTemplate
FN:162,(anonymous_7)
FN:168,resolveKey
FN:180,translate
FN:204,parseParams
FN:217,translateElement
FN:230,(anonymous_12)
FN:239,applyTranslations
FN:252,dispatchLanguageEvent
FN:263,refreshActiveLanguage
FN:274,setLanguagePreference
FN:292,getLanguagePreference
FN:296,getActiveLanguage
FN:305,(anonymous_19)
FN:311,(anonymous_20)
FN:329,(anonymous_21)
FNF:22
FNH:18
FNDA:3,normalizeLanguage
FNDA:27,parsePreference
FNDA:3,getBrowserLanguages
FNDA:3,detectSystemLanguage
FNDA:27,resolveActiveLanguage
FNDA:27,setDocumentLanguage
FNDA:9,formatTemplate
FNDA:0,(anonymous_7)
FNDA:12,resolveKey
FNDA:13,translate
FNDA:81,parseParams
FNDA:81,translateElement
FNDA:27,(anonymous_12)
FNDA:27,applyTranslations
FNDA:26,dispatchLanguageEvent
FNDA:26,refreshActiveLanguage
FNDA:26,setLanguagePreference
FNDA:4,getLanguagePreference
FNDA:2,getActiveLanguage
FNDA:0,(anonymous_19)
FNDA:0,(anonymous_20)
FNDA:0,(anonymous_21)
DA:63,1
DA:64,1
DA:65,1
DA:66,1
DA:72,1
DA:82,3
DA:83,3
DA:84,3
DA:85,3
DA:86,3
DA:92,27
DA:93,26
DA:94,26
DA:100,3
DA:101,3
DA:102,3
DA:104,3
DA:105,3
DA:108,3
DA:109,3
DA:110,0
DA:112,3
DA:116,3
DA:117,3
DA:118,3
DA:119,3
DA:120,3
DA:123,0
DA:130,1
DA:135,27
DA:136,3
DA:138,24
DA:143,1
DA:146,27
DA:147,27
DA:156,9
DA:157,0
DA:159,9
DA:160,0
DA:162,9
DA:163,0
DA:164,0
DA:169,12
DA:170,12
DA:171,12
DA:172,22
DA:173,3
DA:175,19
DA:177,9
DA:185,13
DA:186,12
DA:187,13
DA:188,13
DA:189,0
DA:191,12
DA:192,3
DA:194,9
DA:195,9
DA:197,0
DA:205,81
DA:206,81
DA:207,81
DA:209,0
DA:210,0
DA:212,0
DA:213,0
DA:218,81
DA:219,0
DA:221,81
DA:222,81
DA:223,81
DA:224,0
DA:226,81
DA:227,81
DA:228,0
DA:230,81
DA:231,27
DA:232,0
DA:233,0
DA:234,0
DA:235,0
DA:240,27
DA:241,27
DA:242,27
DA:243,27
DA:244,27
DA:245,27
DA:253,26
DA:254,26
DA:260,26
DA:264,26
DA:265,26
DA:266,26
DA:267,26
DA:268,26
DA:269,26
DA:270,26
DA:275,26
DA:276,26
DA:277,10
DA:278,10
DA:280,16
DA:281,16
DA:282,16
DA:283,2
DA:285,14
DA:288,16
DA:289,16
DA:293,4
DA:297,2
DA:304,1
DA:305,1
DA:306,0
DA:307,0
DA:311,1
DA:312,0
DA:313,0
DA:315,0
DA:316,0
DA:317,0
DA:325,1
DA:326,1
DA:328,1
DA:329,0
DA:331,1
DA:339,1
DA:351,1
DA:352,1
LF:128
LH:101
BRDA:82,0,0,0
BRDA:82,0,1,3
BRDA:84,1,0,0
BRDA:84,1,1,3
BRDA:85,2,0,3
BRDA:85,2,1,0
BRDA:86,3,0,3
BRDA:86,3,1,0
BRDA:92,4,0,1
BRDA:92,4,1,26
BRDA:92,5,0,27
BRDA:92,5,1,26
BRDA:94,6,0,25
BRDA:94,6,1,1
BRDA:101,7,0,3
BRDA:101,7,1,0
BRDA:104,8,0,3
BRDA:104,8,1,0
BRDA:109,9,0,0
BRDA:109,9,1,3
BRDA:112,10,0,3
BRDA:112,10,1,0
BRDA:119,11,0,3
BRDA:119,11,1,0
BRDA:131,12,0,1
BRDA:131,12,1,0
BRDA:135,13,0,3
BRDA:135,13,1,24
BRDA:138,14,0,24
BRDA:138,14,1,0
BRDA:146,15,0,27
BRDA:146,15,1,0
BRDA:146,16,0,27
BRDA:146,16,1,27
BRDA:156,17,0,0
BRDA:156,17,1,9
BRDA:159,18,0,0
BRDA:159,18,1,9
BRDA:159,19,0,9
BRDA:159,19,1,9
BRDA:164,20,0,0
BRDA:164,20,1,0
BRDA:172,21,0,3
BRDA:172,21,1,19
BRDA:172,22,0,22
BRDA:172,22,1,22
BRDA:172,22,2,22
BRDA:182,23,0,13
BRDA:183,24,0,13
BRDA:185,25,0,1
BRDA:185,25,1,12
BRDA:186,26,0,12
BRDA:186,26,1,7
BRDA:188,27,0,0
BRDA:188,27,1,13
BRDA:188,28,0,13
BRDA:188,28,1,3
BRDA:191,29,0,3
BRDA:191,29,1,9
BRDA:192,30,0,1
BRDA:192,30,1,2
BRDA:194,31,0,9
BRDA:194,31,1,0
BRDA:206,32,0,81
BRDA:206,32,1,0
BRDA:218,33,0,0
BRDA:218,33,1,81
BRDA:221,34,0,81
BRDA:221,34,1,81
BRDA:223,35,0,0
BRDA:223,35,1,81
BRDA:227,36,0,0
BRDA:227,36,1,81
BRDA:231,37,0,27
BRDA:231,37,1,0
BRDA:232,38,0,0
BRDA:232,38,1,0
BRDA:232,39,0,0
BRDA:232,39,1,0
BRDA:234,40,0,0
BRDA:234,40,1,0
BRDA:239,41,0,27
BRDA:240,42,0,0
BRDA:240,42,1,27
BRDA:241,43,0,27
BRDA:241,43,1,0
BRDA:242,44,0,0
BRDA:242,44,1,27
BRDA:242,45,0,27
BRDA:242,45,1,27
BRDA:253,46,0,0
BRDA:253,46,1,26
BRDA:263,47,0,26
BRDA:269,48,0,26
BRDA:269,48,1,0
BRDA:269,49,0,26
BRDA:269,49,1,0
BRDA:276,50,0,10
BRDA:276,50,1,16
BRDA:281,51,0,16
BRDA:281,51,1,0
BRDA:282,52,0,2
BRDA:282,52,1,14
BRDA:304,53,0,1
BRDA:304,53,1,0
BRDA:306,54,0,0
BRDA:306,54,1,0
BRDA:312,55,0,0
BRDA:312,55,1,0
BRDA:325,56,0,1
BRDA:325,56,1,0
BRDA:328,57,0,0
BRDA:328,57,1,1
BRDA:351,58,0,1
BRDA:351,58,1,0
BRF:115
BRH:71
end_of_record
TN:
SF:src/ts/services/storage-utils.ts
FN:6,getString
FN:14,setString
FN:22,remove
FN:30,getJSON
FN:41,setJSON
FNF:5
FNH:5
FNDA:2,getString
FNDA:3,setString
FNDA:2,remove
FNDA:6,getJSON
FNDA:55,setJSON
DA:7,2
DA:8,2
DA:10,0
DA:15,3
DA:16,3
DA:18,0
DA:23,2
DA:24,2
DA:26,0
DA:31,6
DA:32,6
DA:33,6
DA:34,3
DA:36,1
DA:37,1
DA:42,55
DA:43,55
DA:45,0
LF:18
LH:14
BRDA:33,0,0,3
BRDA:33,0,1,3
BRF:2
BRH:2
end_of_record
TN:
SF:src/ts/services/virtual-fs.ts
FN:39,(anonymous_0)
FN:40,(anonymous_1)
FN:47,(anonymous_2)
FN:50,(anonymous_3)
FN:56,(anonymous_4)
FN:63,(anonymous_5)
FN:65,(anonymous_6)
FN:68,(anonymous_7)
FN:77,(anonymous_8)
FN:78,(anonymous_9)
FN:79,(anonymous_10)
FN:90,(anonymous_11)
FN:95,(anonymous_12)
FN:103,(anonymous_13)
FN:114,(anonymous_14)
FN:115,(anonymous_15)
FN:116,(anonymous_16)
FN:120,(anonymous_17)
FN:122,(anonymous_18)
FN:123,(anonymous_19)
FN:125,(anonymous_20)
FN:126,(anonymous_21)
FN:135,(anonymous_22)
FN:137,(anonymous_23)
FN:138,(anonymous_24)
FN:140,(anonymous_25)
FN:141,(anonymous_26)
FN:150,(anonymous_27)
FN:152,(anonymous_28)
FN:153,(anonymous_29)
FN:155,(anonymous_30)
FN:156,(anonymous_31)
FN:161,(anonymous_32)
FN:165,(anonymous_33)
FN:166,(anonymous_34)
FN:167,(anonymous_35)
FN:174,(anonymous_36)
FN:177,(anonymous_37)
FN:181,(anonymous_38)
FN:190,(anonymous_39)
FN:191,(anonymous_40)
FN:192,(anonymous_41)
FN:196,(anonymous_42)
FN:200,(anonymous_43)
FN:204,(anonymous_44)
FN:214,(anonymous_45)
FN:218,(anonymous_46)
FN:219,(anonymous_47)
FN:220,(anonymous_48)
FN:224,(anonymous_49)
FN:226,(anonymous_50)
FN:230,(anonymous_51)
FN:231,(anonymous_52)
FN:232,(anonymous_53)
FN:236,(anonymous_54)
FN:239,(anonymous_55)
FN:255,(anonymous_56)
FN:256,(anonymous_57)
FN:257,(anonymous_58)
FN:261,(anonymous_59)
FN:263,(anonymous_60)
FN:267,(anonymous_61)
FN:307,(anonymous_62)
FN:308,(anonymous_63)
FN:309,(anonymous_64)
FN:371,(anonymous_65)
FN:367,(anonymous_66)
FN:383,(anonymous_67)
FN:577,(anonymous_68)
FN:643,(anonymous_69)
FN:648,(anonymous_70)
FN:654,(anonymous_71)
FN:722,(anonymous_72)
FN:734,(anonymous_73)
FN:746,(anonymous_74)
FN:750,(anonymous_75)
FN:757,(anonymous_76)
FN:758,(anonymous_77)
FN:771,(anonymous_78)
FN:775,(anonymous_79)
FN:778,(anonymous_80)
FN:782,(anonymous_81)
FN:822,(anonymous_82)
FN:826,(anonymous_83)
FN:830,(anonymous_84)
FN:835,(anonymous_85)
FN:840,(anonymous_86)
FN:853,(anonymous_87)
FN:862,(anonymous_88)
FN:903,(anonymous_89)
FN:943,(anonymous_90)
FN:963,(anonymous_91)
FN:1006,(anonymous_92)
FN:1076,(anonymous_93)
FN:1081,(anonymous_94)
FN:1098,(anonymous_95)
FN:1105,(anonymous_96)
FN:1109,(anonymous_97)
FN:1120,(anonymous_98)
FN:1135,(anonymous_99)
FNF:100
FNH:34
FNDA:1,(anonymous_0)
FNDA:1,(anonymous_1)
FNDA:50,(anonymous_2)
FNDA:0,(anonymous_3)
FNDA:0,(anonymous_4)
FNDA:0,(anonymous_5)
FNDA:0,(anonymous_6)
FNDA:0,(anonymous_7)
FNDA:0,(anonymous_8)
FNDA:0,(anonymous_9)
FNDA:0,(anonymous_10)
FNDA:0,(anonymous_11)
FNDA:0,(anonymous_12)
FNDA:0,(anonymous_13)
FNDA:0,(anonymous_14)
FNDA:0,(anonymous_15)
FNDA:0,(anonymous_16)
FNDA:0,(anonymous_17)
FNDA:0,(anonymous_18)
FNDA:0,(anonymous_19)
FNDA:0,(anonymous_20)
FNDA:0,(anonymous_21)
FNDA:0,(anonymous_22)
FNDA:0,(anonymous_23)
FNDA:0,(anonymous_24)
FNDA:0,(anonymous_25)
FNDA:0,(anonymous_26)
FNDA:0,(anonymous_27)
FNDA:0,(anonymous_28)
FNDA:0,(anonymous_29)
FNDA:0,(anonymous_30)
FNDA:0,(anonymous_31)
FNDA:0,(anonymous_32)
FNDA:0,(anonymous_33)
FNDA:0,(anonymous_34)
FNDA:0,(anonymous_35)
FNDA:0,(anonymous_36)
FNDA:0,(anonymous_37)
FNDA:0,(anonymous_38)
FNDA:0,(anonymous_39)
FNDA:0,(anonymous_40)
FNDA:0,(anonymous_41)
FNDA:0,(anonymous_42)
FNDA:0,(anonymous_43)
FNDA:0,(anonymous_44)
FNDA:0,(anonymous_45)
FNDA:0,(anonymous_46)
FNDA:0,(anonymous_47)
FNDA:0,(anonymous_48)
FNDA:0,(anonymous_49)
FNDA:0,(anonymous_50)
FNDA:0,(anonymous_51)
FNDA:0,(anonymous_52)
FNDA:0,(anonymous_53)
FNDA:0,(anonymous_54)
FNDA:0,(anonymous_55)
FNDA:0,(anonymous_56)
FNDA:0,(anonymous_57)
FNDA:0,(anonymous_58)
FNDA:0,(anonymous_59)
FNDA:0,(anonymous_60)
FNDA:0,(anonymous_61)
FNDA:0,(anonymous_62)
FNDA:0,(anonymous_63)
FNDA:0,(anonymous_64)
FNDA:1,(anonymous_65)
FNDA:0,(anonymous_66)
FNDA:49,(anonymous_67)
FNDA:1,(anonymous_68)
FNDA:32,(anonymous_69)
FNDA:0,(anonymous_70)
FNDA:50,(anonymous_71)
FNDA:1,(anonymous_72)
FNDA:1,(anonymous_73)
FNDA:5,(anonymous_74)
FNDA:5,(anonymous_75)
FNDA:32,(anonymous_76)
FNDA:4,(anonymous_77)
FNDA:146,(anonymous_78)
FNDA:211,(anonymous_79)
FNDA:44,(anonymous_80)
FNDA:60,(anonymous_81)
FNDA:10,(anonymous_82)
FNDA:0,(anonymous_83)
FNDA:37,(anonymous_84)
FNDA:13,(anonymous_85)
FNDA:4,(anonymous_86)
FNDA:7,(anonymous_87)
FNDA:20,(anonymous_88)
FNDA:6,(anonymous_89)
FNDA:5,(anonymous_90)
FNDA:6,(anonymous_91)
FNDA:6,(anonymous_92)
FNDA:5,(anonymous_93)
FNDA:80,(anonymous_94)
FNDA:47,(anonymous_95)
FNDA:4,(anonymous_96)
FNDA:2,(anonymous_97)
FNDA:0,(anonymous_98)
FNDA:1,(anonymous_99)
DA:38,1
DA:39,1
DA:41,1
DA:42,1
DA:44,0
DA:48,50
DA:51,0
DA:57,0
DA:58,0
DA:59,1
DA:60,1
DA:61,1
DA:64,0
DA:65,0
DA:66,0
DA:67,0
DA:68,0
DA:69,0
DA:70,0
DA:71,0
DA:73,0
DA:74,0
DA:77,0
DA:78,0
DA:79,0
DA:81,0
DA:84,0
DA:87,0
DA:94,0
DA:95,0
DA:96,0
DA:97,0
DA:99,0
DA:100,0
DA:101,0
DA:102,0
DA:104,0
DA:108,0
DA:111,0
DA:112,0
DA:114,0
DA:115,0
DA:116,0
DA:121,0
DA:122,0
DA:123,0
DA:124,0
DA:125,0
DA:126,0
DA:130,0
DA:131,0
DA:136,0
DA:137,0
DA:138,0
DA:139,0
DA:140,0
DA:141,0
DA:145,0
DA:146,0
DA:151,0
DA:152,0
DA:153,0
DA:154,0
DA:155,0
DA:156,0
DA:160,0
DA:161,0
DA:162,0
DA:163,0
DA:164,0
DA:165,0
DA:166,0
DA:167,0
DA:170,0
DA:175,0
DA:176,0
DA:177,0
DA:178,0
DA:179,0
DA:180,0
DA:181,0
DA:182,0
DA:183,0
DA:184,0
DA:185,0
DA:186,0
DA:188,0
DA:190,0
DA:191,0
DA:192,0
DA:197,0
DA:198,0
DA:199,0
DA:200,0
DA:201,0
DA:202,0
DA:203,0
DA:204,0
DA:205,0
DA:206,0
DA:207,0
DA:208,0
DA:209,0
DA:210,0
DA:211,0
DA:213,0
DA:214,0
DA:216,0
DA:218,0
DA:219,0
DA:220,0
DA:225,0
DA:226,0
DA:227,0
DA:228,0
DA:229,0
DA:230,0
DA:231,0
DA:232,0
DA:237,0
DA:238,0
DA:239,0
DA:240,0
DA:241,0
DA:242,0
DA:243,0
DA:244,0
DA:249,0
DA:252,0
DA:255,0
DA:256,0
DA:257,0
DA:262,0
DA:263,0
DA:264,0
DA:265,0
DA:266,0
DA:267,0
DA:268,0
DA:269,0
DA:270,0
DA:271,0
DA:272,0
DA:273,0
DA:274,0
DA:275,0
DA:276,0
DA:277,0
DA:278,0
DA:279,0
DA:281,0
DA:282,0
DA:283,0
DA:284,0
DA:286,0
DA:287,0
DA:289,0
DA:290,0
DA:291,0
DA:292,0
DA:296,0
DA:297,0
DA:298,0
DA:299,0
DA:305,0
DA:307,0
DA:308,0
DA:309,0
DA:356,1
DA:357,1
DA:358,1
DA:359,1
DA:361,1
DA:363,1
DA:364,1
DA:365,1
DA:368,0
DA:372,1
DA:374,1
DA:376,1
DA:384,49
DA:386,49
DA:579,1
DA:586,1
DA:588,1
DA:589,1
DA:590,1
DA:591,1
DA:592,1
DA:593,1
DA:599,1
DA:601,0
DA:602,0
DA:603,0
DA:604,0
DA:605,0
DA:606,0
DA:607,0
DA:608,0
DA:610,0
DA:612,0
DA:617,1
DA:619,0
DA:620,0
DA:621,0
DA:623,0
DA:626,0
DA:627,0
DA:630,1
DA:631,1
DA:634,0
DA:636,0
DA:639,1
DA:640,1
DA:644,32
DA:645,30
DA:648,32
DA:649,0
DA:650,0
DA:656,50
DA:663,50
DA:665,50
DA:666,50
DA:667,50
DA:669,50
DA:674,50
DA:675,0
DA:676,0
DA:677,0
DA:678,0
DA:679,0
DA:681,0
DA:684,0
DA:685,0
DA:690,0
DA:692,50
DA:693,50
DA:694,50
DA:695,50
DA:700,50
DA:703,50
DA:704,0
DA:705,0
DA:707,0
DA:712,0
DA:715,50
DA:716,50
DA:718,50
DA:719,50
DA:723,1
DA:724,1
DA:725,1
DA:727,1
DA:735,1
DA:736,0
DA:737,0
DA:739,1
DA:747,5
DA:751,5
DA:752,5
DA:753,5
DA:758,32
DA:759,4
DA:760,4
DA:762,0
DA:772,146
DA:773,41
DA:775,211
DA:779,44
DA:783,60
DA:786,60
DA:787,0
DA:791,60
DA:792,60
DA:793,0
DA:796,60
DA:797,60
DA:799,60
DA:800,86
DA:801,86
DA:802,8
DA:805,78
DA:807,78
DA:808,66
DA:811,12
DA:815,40
DA:823,10
DA:827,0
DA:831,37
DA:832,37
DA:836,13
DA:837,13
DA:841,4
DA:844,4
DA:845,1
DA:846,1
DA:849,3
DA:850,3
DA:854,7
DA:855,7
DA:863,20
DA:865,20
DA:866,1
DA:869,19
DA:870,19
DA:872,19
DA:873,20
DA:875,20
DA:876,1
DA:877,1
DA:880,18
DA:881,18
DA:890,18
DA:892,18
DA:893,18
DA:896,18
DA:897,18
DA:898,18
DA:900,18
DA:904,6
DA:906,6
DA:907,1
DA:910,5
DA:911,5
DA:913,5
DA:914,6
DA:916,6
DA:917,1
DA:918,1
DA:921,4
DA:922,4
DA:930,4
DA:932,4
DA:933,4
DA:936,4
DA:937,4
DA:938,4
DA:940,4
DA:944,5
DA:946,5
DA:947,2
DA:948,2
DA:951,3
DA:952,3
DA:953,3
DA:956,3
DA:957,3
DA:958,3
DA:960,3
DA:964,6
DA:966,6
DA:967,1
DA:970,5
DA:971,5
DA:973,5
DA:974,6
DA:976,6
DA:977,1
DA:978,1
DA:981,4
DA:982,4
DA:984,4
DA:985,4
DA:988,4
DA:990,4
DA:991,4
DA:992,0
DA:993,0
DA:994,0
DA:996,0
DA:999,4
DA:1000,4
DA:1001,4
DA:1003,4
DA:1007,6
DA:1009,6
DA:1010,1
DA:1013,5
DA:1014,5
DA:1016,5
DA:1017,6
DA:1019,6
DA:1020,1
DA:1021,1
DA:1024,4
DA:1025,1
DA:1026,1
DA:1029,3
DA:1030,3
DA:1031,3
DA:1033,3
DA:1034,3
DA:1037,3
DA:1039,3
DA:1042,3
DA:1043,3
DA:1044,3
DA:1045,6
DA:1046,6
DA:1047,0
DA:1048,0
DA:1050,0
DA:1052,3
DA:1053,0
DA:1054,0
DA:1056,0
DA:1060,3
DA:1061,3
DA:1062,3
DA:1069,3
DA:1077,5
DA:1078,5
DA:1079,5
DA:1081,5
DA:1082,80
DA:1083,112
DA:1084,37
DA:1085,37
DA:1086,75
DA:1087,75
DA:1088,75
DA:1093,5
DA:1095,5
DA:1099,47
DA:1100,47
DA:1101,47
DA:1102,47
DA:1106,4
DA:1110,2
DA:1112,2
DA:1113,1
DA:1116,1
DA:1117,1
DA:1118,0
DA:1121,0
DA:1124,1
DA:1125,1
DA:1126,1
DA:1128,1
DA:1130,0
DA:1131,0
DA:1137,1
DA:1138,1
DA:1139,0
DA:1145,1
DA:1153,1
DA:1157,1
DA:1158,1
LF:448
LH:233
BRDA:64,0,0,0
BRDA:64,0,1,0
BRDA:70,1,0,0
BRDA:70,1,1,0
BRDA:73,2,0,0
BRDA:73,2,1,0
BRDA:101,3,0,0
BRDA:101,3,1,0
BRDA:125,4,0,0
BRDA:125,4,1,0
BRDA:183,5,0,0
BRDA:183,5,1,0
BRDA:185,6,0,0
BRDA:185,6,1,0
BRDA:185,7,0,0
BRDA:185,7,1,0
BRDA:206,8,0,0
BRDA:206,8,1,0
BRDA:208,9,0,0
BRDA:208,9,1,0
BRDA:208,10,0,0
BRDA:208,10,1,0
BRDA:237,11,0,0
BRDA:237,11,1,0
BRDA:237,12,0,0
BRDA:237,12,1,0
BRDA:269,13,0,0
BRDA:269,13,1,0
BRDA:277,14,0,0
BRDA:277,14,1,0
BRDA:282,15,0,0
BRDA:282,15,1,0
BRDA:287,16,0,0
BRDA:287,16,1,0
BRDA:289,17,0,0
BRDA:289,17,1,0
BRDA:289,18,0,0
BRDA:289,18,1,0
BRDA:290,19,0,0
BRDA:290,19,1,0
BRDA:291,20,0,0
BRDA:291,20,1,0
BRDA:292,21,0,0
BRDA:292,21,1,0
BRDA:293,22,0,0
BRDA:293,22,1,0
BRDA:293,22,2,0
BRDA:296,23,0,0
BRDA:296,23,1,0
BRDA:296,24,0,0
BRDA:296,24,1,0
BRDA:297,25,0,0
BRDA:297,25,1,0
BRDA:297,26,0,0
BRDA:297,26,1,0
BRDA:298,27,0,0
BRDA:298,27,1,0
BRDA:299,28,0,0
BRDA:299,28,1,0
BRDA:599,29,0,0
BRDA:599,29,1,1
BRDA:599,30,0,1
BRDA:599,30,1,1
BRDA:603,31,0,0
BRDA:603,31,1,0
BRDA:603,32,0,0
BRDA:603,32,1,0
BRDA:603,32,2,0
BRDA:617,33,0,0
BRDA:617,33,1,1
BRDA:617,34,0,1
BRDA:617,34,1,0
BRDA:619,35,0,0
BRDA:619,35,1,0
BRDA:644,36,0,30
BRDA:644,36,1,2
BRDA:669,37,0,50
BRDA:669,37,1,0
BRDA:669,37,2,0
BRDA:669,37,3,0
BRDA:674,38,0,0
BRDA:674,38,1,50
BRDA:679,39,0,0
BRDA:679,39,1,0
BRDA:703,40,0,0
BRDA:703,40,1,50
BRDA:723,41,0,1
BRDA:723,41,1,0
BRDA:735,42,0,0
BRDA:735,42,1,1
BRDA:752,43,0,5
BRDA:752,43,1,0
BRDA:772,44,0,41
BRDA:772,44,1,105
BRDA:786,45,0,0
BRDA:786,45,1,60
BRDA:792,46,0,0
BRDA:792,46,1,60
BRDA:792,47,0,60
BRDA:792,47,1,60
BRDA:801,48,0,8
BRDA:801,48,1,78
BRDA:807,49,0,66
BRDA:807,49,1,12
BRDA:832,50,0,36
BRDA:832,50,1,1
BRDA:837,51,0,9
BRDA:837,51,1,4
BRDA:840,52,0,4
BRDA:844,53,0,1
BRDA:844,53,1,3
BRDA:846,54,0,1
BRDA:846,54,1,0
BRDA:850,55,0,3
BRDA:850,55,1,1
BRDA:855,56,0,7
BRDA:855,56,1,2
BRDA:862,57,0,20
BRDA:862,58,0,20
BRDA:865,59,0,1
BRDA:865,59,1,19
BRDA:872,60,0,19
BRDA:872,60,1,0
BRDA:873,61,0,20
BRDA:873,61,1,0
BRDA:875,62,0,1
BRDA:875,62,1,19
BRDA:892,63,0,18
BRDA:892,63,1,0
BRDA:903,64,0,6
BRDA:906,65,0,1
BRDA:906,65,1,5
BRDA:913,66,0,5
BRDA:913,66,1,0
BRDA:914,67,0,6
BRDA:914,67,1,0
BRDA:916,68,0,1
BRDA:916,68,1,5
BRDA:932,69,0,4
BRDA:932,69,1,0
BRDA:946,70,0,2
BRDA:946,70,1,3
BRDA:966,71,0,1
BRDA:966,71,1,5
BRDA:973,72,0,5
BRDA:973,72,1,0
BRDA:974,73,0,6
BRDA:974,73,1,0
BRDA:976,74,0,1
BRDA:976,74,1,5
BRDA:984,75,0,4
BRDA:984,75,1,0
BRDA:991,76,0,0
BRDA:991,76,1,4
BRDA:993,77,0,0
BRDA:993,77,1,0
BRDA:1009,78,0,1
BRDA:1009,78,1,5
BRDA:1016,79,0,5
BRDA:1016,79,1,0
BRDA:1017,80,0,6
BRDA:1017,80,1,0
BRDA:1019,81,0,1
BRDA:1019,81,1,5
BRDA:1024,82,0,1
BRDA:1024,82,1,3
BRDA:1033,83,0,3
BRDA:1033,83,1,0
BRDA:1044,84,0,0
BRDA:1044,84,1,3
BRDA:1045,85,0,0
BRDA:1045,85,1,3
BRDA:1046,86,0,0
BRDA:1046,86,1,3
BRDA:1052,87,0,0
BRDA:1052,87,1,3
BRDA:1083,88,0,37
BRDA:1083,88,1,75
BRDA:1086,89,0,75
BRDA:1086,89,1,0
BRDA:1112,90,0,1
BRDA:1112,90,1,1
BRDA:1112,91,0,2
BRDA:1112,91,1,1
BRDA:1117,92,0,0
BRDA:1117,92,1,1
BRDA:1138,93,0,0
BRDA:1138,93,1,1
BRDA:1157,94,0,1
BRDA:1157,94,1,0
BRF:190
BRH:85
end_of_record
